<?xml version="1.0" encoding="UTF-8"?>
<!-- Generated by org.testng.reporters.JUnitReportReporter -->
<testsuite skipped="0" hostname="LAPTOP-S340" name="com.saleforce.TestPage.loginTestPage" tests="4" failures="0" timestamp="28 Jan 2020 04:34:52 GMT" time="42.814" errors="0">
  <testcase name="enterWrongUser" time="17.441" classname="com.saleforce.TestPage.loginTestPage"/>
  <testcase name="loginTest" time="9.820" classname="com.saleforce.TestPage.loginTestPage"/>
  <testcase name="checkTitle" time="7.481" classname="com.saleforce.TestPage.loginTestPage"/>
  <testcase name="Validatelogo" time="8.072" classname="com.saleforce.TestPage.loginTestPage"/>
</testsuite> <!-- com.saleforce.TestPage.loginTestPage -->
