<?xml version="1.0" encoding="UTF-8"?>
<!-- Generated by org.testng.reporters.JUnitReportReporter -->
<testsuite skipped="0" hostname="LAPTOP-S340" name="com.saleforce.TestPage.loginTestPage" tests="7" failures="0" timestamp="28 Jan 2020 19:05:11 GMT" time="60.494" errors="0">
  <testcase name="validateUseName" time="7.388" classname="com.saleforce.TestPage.loginTestPage"/>
  <testcase name="Validatelogo" time="7.400" classname="com.saleforce.TestPage.loginTestPage"/>
  <testcase name="checkTitle" time="7.326" classname="com.saleforce.TestPage.loginTestPage"/>
  <testcase name="ValidateForgotPasswod" time="7.804" classname="com.saleforce.TestPage.loginTestPage"/>
  <testcase name="enterWrongUser" time="14.721" classname="com.saleforce.TestPage.loginTestPage"/>
  <testcase name="validateRememberme" time="7.854" classname="com.saleforce.TestPage.loginTestPage"/>
  <testcase name="loginTest" time="8.001" classname="com.saleforce.TestPage.loginTestPage"/>
</testsuite> <!-- com.saleforce.TestPage.loginTestPage -->
