<?xml version="1.0" encoding="UTF-8"?>
<!-- Generated by org.testng.reporters.JUnitReportReporter -->
<testsuite skipped="0" hostname="LAPTOP-S340" name="com.saleforce.TestPage.loginTestPage" tests="7" failures="0" timestamp="08 Feb 2020 19:37:02 GMT" time="71.180" errors="0">
  <testcase name="checkTitle" time="8.154" classname="com.saleforce.TestPage.loginTestPage"/>
  <testcase name="ValidateForgotPasswod" time="8.608" classname="com.saleforce.TestPage.loginTestPage"/>
  <testcase name="Validatelogo" time="7.496" classname="com.saleforce.TestPage.loginTestPage"/>
  <testcase name="validateUseName" time="7.564" classname="com.saleforce.TestPage.loginTestPage"/>
  <testcase name="enterWrongUser" time="15.278" classname="com.saleforce.TestPage.loginTestPage"/>
  <testcase name="validateRememberme" time="15.140" classname="com.saleforce.TestPage.loginTestPage"/>
  <testcase name="loginTest" time="8.940" classname="com.saleforce.TestPage.loginTestPage"/>
</testsuite> <!-- com.saleforce.TestPage.loginTestPage -->
