<?xml version="1.0" encoding="UTF-8"?>
<!-- Generated by org.testng.reporters.JUnitReportReporter -->
<testsuite skipped="0" hostname="LAPTOP-S340" name="com.saleforce.TestPage.homeTestPage$loginTestPage" tests="3" failures="0" timestamp="29 Jan 2020 18:59:45 GMT" time="25.210" errors="0">
  <testcase name="testMethod1" time="8.785" classname="com.saleforce.TestPage.homeTestPage$loginTestPage"/>
  <testcase name="validatelogout" time="9.195" classname="com.saleforce.TestPage.homeTestPage$loginTestPage"/>
  <testcase name="testMethod3" time="7.230" classname="com.saleforce.TestPage.homeTestPage$loginTestPage"/>
</testsuite> <!-- com.saleforce.TestPage.homeTestPage$loginTestPage -->
