<?xml version="1.0" encoding="UTF-8"?>
<!-- Generated by org.testng.reporters.JUnitReportReporter -->
<testsuite skipped="0" hostname="LAPTOP-S340" name="com.saleforce.TestPage.homeTestPage$loginTestPage" tests="1" failures="0" timestamp="08 Feb 2020 19:37:02 GMT" time="15.304" errors="0">
  <testcase name="validatelogout" time="15.304" classname="com.saleforce.TestPage.homeTestPage$loginTestPage"/>
</testsuite> <!-- com.saleforce.TestPage.homeTestPage$loginTestPage -->
